"C:\Program Files\JetBrains\CLion 2023.2.2\bin\cmake\win\x64\bin\cmake.exe" -DCMAKE_BUILD_TYPE=Debug "-DCMAKE_MAKE_PROGRAM=C:/Program Files/JetBrains/CLion 2023.2.2/bin/ninja/win/x64/ninja.exe" -G Ninja -S C:\Users\jpalo\Documents\Github\Pokemon -B C:\Users\jpalo\Documents\Github\Pokemon\cmake-build-debug
-- The C compiler identification is GNU 13.2.0
-- The CXX compiler identification is GNU 13.2.0
-- Detecting C compiler ABI info
-- Detecting C compiler ABI info - failed
-- Check for working C compiler: C:/msys64/mingw64/bin/cc.exe
-- Check for working C compiler: C:/msys64/mingw64/bin/cc.exe - broken
CMake Error at C:/Program Files/JetBrains/CLion 2023.2.2/bin/cmake/win/x64/share/cmake-3.26/Modules/CMakeTestCCompiler.cmake:67 (message):
  The C compiler

    "C:/msys64/mingw64/bin/cc.exe"

  is not able to compile a simple test program.

  It fails with the following output:

    Change Dir: C:/Users/jpalo/Documents/Github/Pokemon/cmake-build-debug/CMakeFiles/CMakeScratch/TryCompile-vewz70
    
    Run Build Command(s):C:/Program Files/JetBrains/CLion 2023.2.2/bin/ninja/win/x64/ninja.exe -v cmTC_056f2 && [1/2] C:\msys64\mingw64\bin\cc.exe   -fdiagnostics-color=always -o CMakeFiles/cmTC_056f2.dir/testCCompiler.c.obj -c C:/Users/jpalo/Documents/Github/Pokemon/cmake-build-debug/CMakeFiles/CMakeScratch/TryCompile-vewz70/testCCompiler.c
    [2/2] cmd.exe /C "cd . && C:\msys64\mingw64\bin\cc.exe   CMakeFiles/cmTC_056f2.dir/testCCompiler.c.obj -o cmTC_056f2.exe -Wl,--out-implib,libcmTC_056f2.dll.a -Wl,--major-image-version,0,--minor-image-version,0  -lkernel32 -luser32 -lgdi32 -lwinspool -lshell32 -lole32 -loleaut32 -luuid -lcomdlg32 -ladvapi32 && cd ."
    FAILED: cmTC_056f2.exe 
    cmd.exe /C "cd . && C:\msys64\mingw64\bin\cc.exe   CMakeFiles/cmTC_056f2.dir/testCCompiler.c.obj -o cmTC_056f2.exe -Wl,--out-implib,libcmTC_056f2.dll.a -Wl,--major-image-version,0,--minor-image-version,0  -lkernel32 -luser32 -lgdi32 -lwinspool -lshell32 -lole32 -loleaut32 -luuid -lcomdlg32 -ladvapi32 && cd ."
    C:/msys64/mingw64/bin/../lib/gcc/x86_64-w64-mingw32/13.2.0/../../../../x86_64-w64-mingw32/bin/ld.exe: cannot open output file cmTC_056f2.exe: No such file or directory
    collect2.exe: error: ld returned 1 exit status
    ninja: build stopped: subcommand failed.
    
    

  

  CMake will not be able to correctly generate this project.
Call Stack (most recent call first):
  CMakeLists.txt:2 (project)


-- Configuring incomplete, errors occurred!
